<?xml version="1.0" encoding="UTF-8"?>
<testng-results skipped="0" failed="0" total="1" passed="1">
  <reporter-output>
  </reporter-output>
  <suite name="Default suite" duration-ms="18371" started-at="2020-01-05T12:20:49Z" finished-at="2020-01-05T12:21:07Z">
    <groups>
    </groups>
    <test name="Default test" duration-ms="18371" started-at="2020-01-05T12:20:49Z" finished-at="2020-01-05T12:21:07Z">
      <class name="LearningSelenium.STP_Assingment3">
        <test-method status="PASS" signature="InputData()[pri:0, instance:LearningSelenium.STP_Assingment3@5c7fa833]" name="InputData" is-config="true" duration-ms="10" started-at="2020-01-05T17:50:49Z" finished-at="2020-01-05T17:50:49Z">
          <reporter-output>
          </reporter-output>
        </test-method> <!-- InputData -->
        <test-method status="PASS" signature="init()[pri:0, instance:LearningSelenium.STP_Assingment3@5c7fa833]" name="init" is-config="true" duration-ms="11768" started-at="2020-01-05T17:50:49Z" finished-at="2020-01-05T17:51:01Z">
          <reporter-output>
          </reporter-output>
        </test-method> <!-- init -->
        <test-method status="PASS" signature="AMCETest()[pri:0, instance:LearningSelenium.STP_Assingment3@5c7fa833]" name="AMCETest" duration-ms="4959" started-at="2020-01-05T17:51:01Z" finished-at="2020-01-05T17:51:06Z">
          <reporter-output>
          </reporter-output>
        </test-method> <!-- AMCETest -->
        <test-method status="PASS" signature="logout()[pri:0, instance:LearningSelenium.STP_Assingment3@5c7fa833]" name="logout" is-config="true" duration-ms="1622" started-at="2020-01-05T17:51:06Z" finished-at="2020-01-05T17:51:07Z">
          <reporter-output>
          </reporter-output>
        </test-method> <!-- logout -->
        <test-method status="PASS" signature="closeAllBrowser()[pri:0, instance:LearningSelenium.STP_Assingment3@5c7fa833]" name="closeAllBrowser" is-config="true" duration-ms="724" started-at="2020-01-05T17:51:07Z" finished-at="2020-01-05T17:51:08Z">
          <reporter-output>
          </reporter-output>
        </test-method> <!-- closeAllBrowser -->
      </class> <!-- LearningSelenium.STP_Assingment3 -->
    </test> <!-- Default test -->
  </suite> <!-- Default suite -->
</testng-results>
